  main.cpp
C:\data-structure-lab-2026\Lec04_Class_Example\Lec04_Class_Example\Music.h(56,21): error C2677: 이항 '<': 'std::vector<Music,std::allocator<Music>>' 형식을 사용하는 전역 연산자가 없거나 허용되는 변환이 없습니다.
  (소스 파일 'main.cpp'을(를) 컴파일하는 중)
  C:\Program Files\Microsoft Visual Studio\2022\Community\VC\Tools\MSVC\14.38.33130\include\vector(2318,30):
  'bool std::operator <(const std::vector<_Ty,_Alloc> &,const std::vector<_Ty,_Alloc> &)'일 수 있습니다.
  	C:\data-structure-lab-2026\Lec04_Class_Example\Lec04_Class_Example\Music.h(56,19):
  	'bool std::operator <(const std::vector<_Ty,_Alloc> &,const std::vector<_Ty,_Alloc> &)': 'int'에서 'const std::vector<_Ty,_Alloc> &'에 대한 템플릿 인수를 추론할 수 없습니다.
  C:\Program Files\Microsoft Visual Studio\2022\Community\VC\Tools\MSVC\14.38.33130\include\memory(3577,30):
  또는       'bool std::operator <(std::nullptr_t,const std::unique_ptr<_Ty,_Dx> &)'
  	C:\data-structure-lab-2026\Lec04_Class_Example\Lec04_Class_Example\Music.h(56,19):
  	'bool std::operator <(std::nullptr_t,const std::unique_ptr<_Ty,_Dx> &)': 'std::vector<Music,std::allocator<Music>>'에서 'const std::unique_ptr<_Ty,_Dx> &'에 대한 템플릿 인수를 추론할 수 없습니다.
  C:\Program Files\Microsoft Visual Studio\2022\Community\VC\Tools\MSVC\14.38.33130\include\memory(3571,30):
  또는       'bool std::operator <(const std::unique_ptr<_Ty,_Dx> &,std::nullptr_t)'
  	C:\data-structure-lab-2026\Lec04_Class_Example\Lec04_Class_Example\Music.h(56,19):
  	'bool std::operator <(const std::unique_ptr<_Ty,_Dx> &,std::nullptr_t)': 'int'에서 'const std::unique_ptr<_Ty,_Dx> &'에 대한 템플릿 인수를 추론할 수 없습니다.
  C:\Program Files\Microsoft Visual Studio\2022\Community\VC\Tools\MSVC\14.38.33130\include\memory(3513,17):
  또는       'bool std::operator <(const std::unique_ptr<_Ty,_Dx> &,const std::unique_ptr<_Ty2,_Dx2> &)'
  	C:\data-structure-lab-2026\Lec04_Class_Example\Lec04_Class_Example\Music.h(56,19):
  	'bool std::operator <(const std::unique_ptr<_Ty,_Dx> &,const std::unique_ptr<_Ty2,_Dx2> &)': 'int'에서 'const std::unique_ptr<_Ty,_Dx> &'에 대한 템플릿 인수를 추론할 수 없습니다.
  C:\Program Files\Microsoft Visual Studio\2022\Community\VC\Tools\MSVC\14.38.33130\include\memory(1942,17):
  또는       'bool std::operator <(std::nullptr_t,const std::shared_ptr<_Ty> &) noexcept'
  	C:\data-structure-lab-2026\Lec04_Class_Example\Lec04_Class_Example\Music.h(56,19):
  	'bool std::operator <(std::nullptr_t,const std::shared_ptr<_Ty> &) noexcept': 'std::vector<Music,std::allocator<Music>>'에서 'const std::shared_ptr<_Ty> &'에 대한 템플릿 인수를 추론할 수 없습니다.
  C:\Program Files\Microsoft Visual Studio\2022\Community\VC\Tools\MSVC\14.38.33130\include\memory(1937,17):
  또는       'bool std::operator <(const std::shared_ptr<_Ty> &,std::nullptr_t) noexcept'
  	C:\data-structure-lab-2026\Lec04_Class_Example\Lec04_Class_Example\Music.h(56,19):
  	'bool std::operator <(const std::shared_ptr<_Ty> &,std::nullptr_t) noexcept': 'int'에서 'const std::shared_ptr<_Ty> &'에 대한 템플릿 인수를 추론할 수 없습니다.
  C:\Program Files\Microsoft Visual Studio\2022\Community\VC\Tools\MSVC\14.38.33130\include\memory(1890,17):
  또는       'bool std::operator <(const std::shared_ptr<_Ty> &,const std::shared_ptr<_Ty0> &) noexcept'
  	C:\data-structure-lab-2026\Lec04_Class_Example\Lec04_Class_Example\Music.h(56,19):
  	'bool std::operator <(const std::shared_ptr<_Ty> &,const std::shared_ptr<_Ty0> &) noexcept': 'int'에서 'const std::shared_ptr<_Ty> &'에 대한 템플릿 인수를 추론할 수 없습니다.
  C:\Program Files\Microsoft Visual Studio\2022\Community\VC\Tools\MSVC\14.38.33130\include\xstring(5074,17):
  또는       'bool std::operator <(const std::basic_string<_Elem,_Traits,_Alloc> &,const _Elem *const )'
  	C:\data-structure-lab-2026\Lec04_Class_Example\Lec04_Class_Example\Music.h(56,19):
  	'bool std::operator <(const std::basic_string<_Elem,_Traits,_Alloc> &,const _Elem *const )': 'int'에서 'const std::basic_string<_Elem,_Traits,_Alloc> &'에 대한 템플릿 인수를 추론할 수 없습니다.
  C:\Program Files\Microsoft Visual Studio\2022\Community\VC\Tools\MSVC\14.38.33130\include\xstring(5069,17):
  또는       'bool std::operator <(const _Elem *const ,const std::basic_string<_Elem,_Traits,_Alloc> &)'
  	C:\data-structure-lab-2026\Lec04_Class_Example\Lec04_Class_Example\Music.h(56,19):
  	'bool std::operator <(const _Elem *const ,const std::basic_string<_Elem,_Traits,_Alloc> &)': 'int'에서 'const _Elem *const '에 대한 템플릿 인수를 추론할 수 없습니다.
  C:\Program Files\Microsoft Visual Studio\2022\Community\VC\Tools\MSVC\14.38.33130\include\xstring(5063,17):
  또는       'bool std::operator <(const std::basic_string<_Elem,_Traits,_Alloc> &,const std::basic_string<_Elem,_Traits,_Alloc> &) noexcept'
  	C:\data-structure-lab-2026\Lec04_Class_Example\Lec04_Class_Example\Music.h(56,19):
  	'bool std::operator <(const std::basic_string<_Elem,_Traits,_Alloc> &,const std::basic_string<_Elem,_Traits,_Alloc> &) noexcept': 'int'에서 'const std::basic_string<_Elem,_Traits,_Alloc> &'에 대한 템플릿 인수를 추론할 수 없습니다.
  C:\Program Files\Microsoft Visual Studio\2022\Community\VC\Tools\MSVC\14.38.33130\include\xutility(4274,5):
  또는       'bool std::operator <(const std::move_iterator<_Iter> &,const std::move_iterator<_Iter2> &) noexcept(<expr>)'
  	C:\data-structure-lab-2026\Lec04_Class_Example\Lec04_Class_Example\Music.h(56,19):
  	'bool std::operator <(const std::move_iterator<_Iter> &,const std::move_iterator<_Iter2> &) noexcept(<expr>)': 'int'에서 'const std::move_iterator<_Iter> &'에 대한 템플릿 인수를 추론할 수 없습니다.
  C:\Program Files\Microsoft Visual Studio\2022\Community\VC\Tools\MSVC\14.38.33130\include\xutility(1706,5):
  또는       'bool std::operator <(const std::reverse_iterator<_BidIt> &,const std::reverse_iterator<_BidIt2> &) noexcept(<expr>)'
  	C:\data-structure-lab-2026\Lec04_Class_Example\Lec04_Class_Example\Music.h(56,19):
  	'bool std::operator <(const std::reverse_iterator<_BidIt> &,const std::reverse_iterator<_BidIt2> &) noexcept(<expr>)': 'int'에서 'const std::reverse_iterator<_BidIt> &'에 대한 템플릿 인수를 추론할 수 없습니다.
  C:\Program Files\Microsoft Visual Studio\2022\Community\VC\Tools\MSVC\14.38.33130\include\utility(513,27):
  또는       'bool std::operator <(const std::pair<_Ty1,_Ty2> &,const std::pair<_Uty1,_Uty2> &)'
  	C:\data-structure-lab-2026\Lec04_Class_Example\Lec04_Class_Example\Music.h(56,19):
  	'bool std::operator <(const std::pair<_Ty1,_Ty2> &,const std::pair<_Uty1,_Uty2> &)': 'int'에서 'const std::pair<_Ty1,_Ty2> &'에 대한 템플릿 인수를 추론할 수 없습니다.
  
C:\data-structure-lab-2026\Lec04_Class_Example\Lec04_Class_Example\Music.h(56,33): error C2146: 구문 오류: ';'이(가) 'size' 식별자 앞에 없습니다.
  (소스 파일 'main.cpp'을(를) 컴파일하는 중)
  
C:\data-structure-lab-2026\Lec04_Class_Example\Lec04_Class_Example\Music.h(56,33): error C2672: 'std::size': 일치하는 오버로드된 함수가 없습니다.
  (소스 파일 'main.cpp'을(를) 컴파일하는 중)
  C:\Program Files\Microsoft Visual Studio\2022\Community\VC\Tools\MSVC\14.38.33130\include\xutility(1910,29):
  'size_t std::size(const _Ty (&)[_Size]) noexcept'일 수 있습니다.
  	C:\data-structure-lab-2026\Lec04_Class_Example\Lec04_Class_Example\Music.h(56,33):
  	'size_t std::size(const _Ty (&)[_Size]) noexcept': 1개의 인수가 필요합니다. 0개가 제공되었습니다.
  C:\Program Files\Microsoft Visual Studio\2022\Community\VC\Tools\MSVC\14.38.33130\include\xutility(1904,27):
  또는       'unknown-type std::size(const _Container &) noexcept(<expr>)'
  	C:\data-structure-lab-2026\Lec04_Class_Example\Lec04_Class_Example\Music.h(56,33):
  	'unknown-type std::size(const _Container &) noexcept(<expr>)': 1개의 인수가 필요합니다. 0개가 제공되었습니다.
  
C:\data-structure-lab-2026\Lec04_Class_Example\Lec04_Class_Example\Music.h(56,41): error C2146: 구문 오류: ')'이(가) 'i' 식별자 앞에 없습니다.
  (소스 파일 'main.cpp'을(를) 컴파일하는 중)
  
C:\data-structure-lab-2026\Lec04_Class_Example\Lec04_Class_Example\Music.h(56,1): error C2059: 구문 오류: ';'
  (소스 파일 'main.cpp'을(를) 컴파일하는 중)
  
C:\data-structure-lab-2026\Lec04_Class_Example\Lec04_Class_Example\Music.h(56,44): error C2059: 구문 오류: ')'
  (소스 파일 'main.cpp'을(를) 컴파일하는 중)
  
C:\data-structure-lab-2026\Lec04_Class_Example\Lec04_Class_Example\Music.h(57,4): error C2059: 구문 오류: 'if'
  (소스 파일 'main.cpp'을(를) 컴파일하는 중)
  
C:\data-structure-lab-2026\Lec04_Class_Example\Lec04_Class_Example\Music.h(57,44): error C2143: 구문 오류: ';'이(가) '{' 앞에 없습니다.
  (소스 파일 'main.cpp'을(를) 컴파일하는 중)
  
C:\data-structure-lab-2026\Lec04_Class_Example\Lec04_Class_Example\Music.h(58,12): error C2146: 구문 오류: ';'이(가) 'push_back' 식별자 앞에 없습니다.
  (소스 파일 'main.cpp'을(를) 컴파일하는 중)
  
C:\data-structure-lab-2026\Lec04_Class_Example\Lec04_Class_Example\Music.h(58,33): error C2065: 'i': 선언되지 않은 식별자입니다.
  (소스 파일 'main.cpp'을(를) 컴파일하는 중)
  
C:\data-structure-lab-2026\Lec04_Class_Example\Lec04_Class_Example\Music.h(58,12): error C3861: 'push_back': 식별자를 찾을 수 없습니다.
  (소스 파일 'main.cpp'을(를) 컴파일하는 중)
  
C:\data-structure-lab-2026\Lec04_Class_Example\Lec04_Class_Example\Music.h(62,3): error C2059: 구문 오류: 'return'
  (소스 파일 'main.cpp'을(를) 컴파일하는 중)
  
C:\data-structure-lab-2026\Lec04_Class_Example\Lec04_Class_Example\Music.h(63,2): error C2059: 구문 오류: '}'
  (소스 파일 'main.cpp'을(를) 컴파일하는 중)
  
C:\data-structure-lab-2026\Lec04_Class_Example\Lec04_Class_Example\Music.h(63,2): error C2143: 구문 오류: ';'이(가) '}' 앞에 없습니다.
  (소스 파일 'main.cpp'을(를) 컴파일하는 중)
  
C:\data-structure-lab-2026\Lec04_Class_Example\Lec04_Class_Example\main.cpp(49,19): error C2146: 구문 오류: ')'이(가) 'size' 식별자 앞에 없습니다.
C:\data-structure-lab-2026\Lec04_Class_Example\Lec04_Class_Example\main.cpp(49,6): error C2451: 'std::vector<Music *,std::allocator<Music *>>' 형식의 조건식은 유효하지 않습니다.
  C:\data-structure-lab-2026\Lec04_Class_Example\Lec04_Class_Example\main.cpp(49,6):
  이 변환을 수행할 수 있는 사용 가능한 사용자 정의 변환 연산자가 없거나 연산자를 호출할 수 없습니다.
  
C:\data-structure-lab-2026\Lec04_Class_Example\Lec04_Class_Example\main.cpp(49,19): error C2672: 'std::size': 일치하는 오버로드된 함수가 없습니다.
  C:\Program Files\Microsoft Visual Studio\2022\Community\VC\Tools\MSVC\14.38.33130\include\xutility(1910,29):
  'size_t std::size(const _Ty (&)[_Size]) noexcept'일 수 있습니다.
  	C:\data-structure-lab-2026\Lec04_Class_Example\Lec04_Class_Example\main.cpp(49,19):
  	'size_t std::size(const _Ty (&)[_Size]) noexcept': 1개의 인수가 필요합니다. 0개가 제공되었습니다.
  C:\Program Files\Microsoft Visual Studio\2022\Community\VC\Tools\MSVC\14.38.33130\include\xutility(1904,27):
  또는       'unknown-type std::size(const _Container &) noexcept(<expr>)'
  	C:\data-structure-lab-2026\Lec04_Class_Example\Lec04_Class_Example\main.cpp(49,19):
  	'unknown-type std::size(const _Container &) noexcept(<expr>)': 1개의 인수가 필요합니다. 0개가 제공되었습니다.
  
C:\data-structure-lab-2026\Lec04_Class_Example\Lec04_Class_Example\main.cpp(49,29): error C2059: 구문 오류: ')'
C:\data-structure-lab-2026\Lec04_Class_Example\Lec04_Class_Example\main.cpp(50,89): error C2059: 구문 오류: ';'
C:\data-structure-lab-2026\Lec04_Class_Example\Lec04_Class_Example\main.cpp(51,12): error C2513: 'int': '=' 앞에 변수를 선언하지 않았습니다.
C:\data-structure-lab-2026\Lec04_Class_Example\Lec04_Class_Example\main.cpp(51,17): error C2065: 'i': 선언되지 않은 식별자입니다.
C:\data-structure-lab-2026\Lec04_Class_Example\Lec04_Class_Example\main.cpp(51,42): error C2065: 'i': 선언되지 않은 식별자입니다.
C:\data-structure-lab-2026\Lec04_Class_Example\Lec04_Class_Example\main.cpp(52,25): error C2065: 'i': 선언되지 않은 식별자입니다.
C:\data-structure-lab-2026\Lec04_Class_Example\Lec04_Class_Example\main.cpp(55,2): error C2059: 구문 오류: 'else'
C:\data-structure-lab-2026\Lec04_Class_Example\Lec04_Class_Example\main.cpp(55,7): error C2143: 구문 오류: ';'이(가) '{' 앞에 없습니다.
C:\data-structure-lab-2026\Lec04_Class_Example\Lec04_Class_Example\main.cpp(55,7): error C2447: '{': 함수 헤더가 없습니다. 이전 스타일의 형식 목록입니까?
C:\data-structure-lab-2026\Lec04_Class_Example\Lec04_Class_Example\main.cpp(58,2): error C2059: 구문 오류: 'return'
C:\data-structure-lab-2026\Lec04_Class_Example\Lec04_Class_Example\main.cpp(59,1): error C2059: 구문 오류: '}'
C:\data-structure-lab-2026\Lec04_Class_Example\Lec04_Class_Example\main.cpp(59,1): error C2143: 구문 오류: ';'이(가) '}' 앞에 없습니다.
